2025-06-10 19:31:31,323 ERROR org.springframework.boot.SpringApplication [main] Application run failed
java.lang.IllegalStateException: java.lang.IllegalStateException: Logback configuration error detected: 
ERROR in ch.qos.logback.classic.pattern.ClassOfCallerConverter@6187d1f5 - failed to parse integer string [1.] java.lang.NumberFormatException: For input string: "1."
ERROR in ch.qos.logback.classic.pattern.ClassOfCallerConverter@2445445a - failed to parse integer string [1.] java.lang.NumberFormatException: For input string: "1."
ERROR in ch.qos.logback.classic.pattern.ClassOfCallerConverter@7502291e - failed to parse integer string [1.] java.lang.NumberFormatException: For input string: "1."
ERROR in ch.qos.logback.classic.pattern.ClassOfCallerConverter@17aad511 - failed to parse integer string [1.] java.lang.NumberFormatException: For input string: "1."
	at org.springframework.boot.context.logging.LoggingApplicationListener.initializeSystem(LoggingApplicationListener.java:347)
	at org.springframework.boot.context.logging.LoggingApplicationListener.initialize(LoggingApplicationListener.java:298)
	at org.springframework.boot.context.logging.LoggingApplicationListener.onApplicationEnvironmentPreparedEvent(LoggingApplicationListener.java:246)
	at org.springframework.boot.context.logging.LoggingApplicationListener.onApplicationEvent(LoggingApplicationListener.java:223)
	at org.springframework.context.event.SimpleApplicationEventMulticaster.doInvokeListener(SimpleApplicationEventMulticaster.java:185)
	at org.springframework.context.event.SimpleApplicationEventMulticaster.invokeListener(SimpleApplicationEventMulticaster.java:178)
	at org.springframework.context.event.SimpleApplicationEventMulticaster.multicastEvent(SimpleApplicationEventMulticaster.java:156)
	at org.springframework.context.event.SimpleApplicationEventMulticaster.multicastEvent(SimpleApplicationEventMulticaster.java:138)
	at org.springframework.boot.context.event.EventPublishingRunListener.multicastInitialEvent(EventPublishingRunListener.java:136)
	at org.springframework.boot.context.event.EventPublishingRunListener.environmentPrepared(EventPublishingRunListener.java:81)
	at org.springframework.boot.SpringApplicationRunListeners.lambda$environmentPrepared$2(SpringApplicationRunListeners.java:64)
	at java.base/java.lang.Iterable.forEach(Iterable.java:75)
	at org.springframework.boot.SpringApplicationRunListeners.doWithListeners(SpringApplicationRunListeners.java:118)
	at org.springframework.boot.SpringApplicationRunListeners.doWithListeners(SpringApplicationRunListeners.java:112)
	at org.springframework.boot.SpringApplicationRunListeners.environmentPrepared(SpringApplicationRunListeners.java:63)
	at org.springframework.boot.SpringApplication.prepareEnvironment(SpringApplication.java:353)
	at org.springframework.boot.SpringApplication.run(SpringApplication.java:313)
	at org.springframework.boot.SpringApplication.run(SpringApplication.java:1362)
	at org.springframework.boot.SpringApplication.run(SpringApplication.java:1351)
	at com.example.chatapp.ChatappApplication.main(ChatappApplication.java:11)
Caused by: java.lang.IllegalStateException: Logback configuration error detected: 
ERROR in ch.qos.logback.classic.pattern.ClassOfCallerConverter@6187d1f5 - failed to parse integer string [1.] java.lang.NumberFormatException: For input string: "1."
ERROR in ch.qos.logback.classic.pattern.ClassOfCallerConverter@2445445a - failed to parse integer string [1.] java.lang.NumberFormatException: For input string: "1."
ERROR in ch.qos.logback.classic.pattern.ClassOfCallerConverter@7502291e - failed to parse integer string [1.] java.lang.NumberFormatException: For input string: "1."
ERROR in ch.qos.logback.classic.pattern.ClassOfCallerConverter@17aad511 - failed to parse integer string [1.] java.lang.NumberFormatException: For input string: "1."
	at org.springframework.boot.logging.logback.LogbackLoggingSystem.reportConfigurationErrorsIfNecessary(LogbackLoggingSystem.java:291)
	at org.springframework.boot.logging.logback.LogbackLoggingSystem.loadConfiguration(LogbackLoggingSystem.java:269)
	at org.springframework.boot.logging.AbstractLoggingSystem.initializeWithConventions(AbstractLoggingSystem.java:81)
	at org.springframework.boot.logging.AbstractLoggingSystem.initialize(AbstractLoggingSystem.java:61)
	at org.springframework.boot.logging.logback.LogbackLoggingSystem.initialize(LogbackLoggingSystem.java:197)
	at org.springframework.boot.context.logging.LoggingApplicationListener.initializeSystem(LoggingApplicationListener.java:332)
	... 19 common frames omitted
	Suppressed: java.lang.NumberFormatException: For input string: "1."
		at java.base/java.lang.NumberFormatException.forInputString(NumberFormatException.java:67)
		at java.base/java.lang.Integer.parseInt(Integer.java:665)
		at java.base/java.lang.Integer.parseInt(Integer.java:781)
		at ch.qos.logback.classic.pattern.NamedConverter.start(NamedConverter.java:92)
		at ch.qos.logback.core.pattern.ConverterUtil.startConverters(ConverterUtil.java:37)
		at ch.qos.logback.core.pattern.ConverterUtil.startConverters(ConverterUtil.java:33)
		at ch.qos.logback.core.pattern.PatternLayoutBase.start(PatternLayoutBase.java:148)
		at ch.qos.logback.classic.encoder.PatternLayoutEncoder.start(PatternLayoutEncoder.java:28)
		at ch.qos.logback.core.model.processor.ImplicitModelHandler.postHandleComplex(ImplicitModelHandler.java:207)
		at ch.qos.logback.core.model.processor.ImplicitModelHandler.postHandle(ImplicitModelHandler.java:186)
		at ch.qos.logback.core.model.processor.DefaultProcessor.secondPhaseTraverse(DefaultProcessor.java:257)
		at ch.qos.logback.core.model.processor.DefaultProcessor.secondPhaseTraverse(DefaultProcessor.java:253)
		at ch.qos.logback.core.model.processor.DefaultProcessor.secondPhaseTraverse(DefaultProcessor.java:253)
		at ch.qos.logback.core.model.processor.DefaultProcessor.traversalLoop(DefaultProcessor.java:90)
		at ch.qos.logback.core.model.processor.DefaultProcessor.process(DefaultProcessor.java:106)
		at ch.qos.logback.core.joran.GenericXMLConfigurator.processModel(GenericXMLConfigurator.java:222)
		at org.springframework.boot.logging.logback.SpringBootJoranConfigurator.processModel(SpringBootJoranConfigurator.java:136)
		at ch.qos.logback.core.joran.GenericXMLConfigurator.doConfigure(GenericXMLConfigurator.java:178)
		at ch.qos.logback.core.joran.GenericXMLConfigurator.doConfigure(GenericXMLConfigurator.java:123)
		at ch.qos.logback.core.joran.GenericXMLConfigurator.doConfigure(GenericXMLConfigurator.java:66)
		at org.springframework.boot.logging.logback.LogbackLoggingSystem.configureByResourceUrl(LogbackLoggingSystem.java:300)
		at org.springframework.boot.logging.logback.LogbackLoggingSystem.lambda$loadConfiguration$2(LogbackLoggingSystem.java:262)
		at org.springframework.boot.logging.logback.LogbackLoggingSystem.withLoggingSuppressed(LogbackLoggingSystem.java:483)
		at org.springframework.boot.logging.logback.LogbackLoggingSystem.loadConfiguration(LogbackLoggingSystem.java:255)
		... 23 common frames omitted
	Suppressed: java.lang.NumberFormatException: For input string: "1."
		at java.base/java.lang.NumberFormatException.forInputString(NumberFormatException.java:67)
		at java.base/java.lang.Integer.parseInt(Integer.java:665)
		at java.base/java.lang.Integer.parseInt(Integer.java:781)
		at ch.qos.logback.classic.pattern.NamedConverter.start(NamedConverter.java:92)
		at ch.qos.logback.core.pattern.ConverterUtil.startConverters(ConverterUtil.java:37)
		at ch.qos.logback.core.pattern.PatternLayoutBase.start(PatternLayoutBase.java:148)
		at ch.qos.logback.classic.encoder.PatternLayoutEncoder.start(PatternLayoutEncoder.java:28)
		at ch.qos.logback.core.model.processor.ImplicitModelHandler.postHandleComplex(ImplicitModelHandler.java:207)
		at ch.qos.logback.core.model.processor.ImplicitModelHandler.postHandle(ImplicitModelHandler.java:186)
		at ch.qos.logback.core.model.processor.DefaultProcessor.secondPhaseTraverse(DefaultProcessor.java:257)
		at ch.qos.logback.core.model.processor.DefaultProcessor.secondPhaseTraverse(DefaultProcessor.java:253)
		at ch.qos.logback.core.model.processor.DefaultProcessor.secondPhaseTraverse(DefaultProcessor.java:253)
		at ch.qos.logback.core.model.processor.DefaultProcessor.traversalLoop(DefaultProcessor.java:90)
		at ch.qos.logback.core.model.processor.DefaultProcessor.process(DefaultProcessor.java:106)
		at ch.qos.logback.core.joran.GenericXMLConfigurator.processModel(GenericXMLConfigurator.java:222)
		at org.springframework.boot.logging.logback.SpringBootJoranConfigurator.processModel(SpringBootJoranConfigurator.java:136)
		at ch.qos.logback.core.joran.GenericXMLConfigurator.doConfigure(GenericXMLConfigurator.java:178)
		at ch.qos.logback.core.joran.GenericXMLConfigurator.doConfigure(GenericXMLConfigurator.java:123)
		at ch.qos.logback.core.joran.GenericXMLConfigurator.doConfigure(GenericXMLConfigurator.java:66)
		at org.springframework.boot.logging.logback.LogbackLoggingSystem.configureByResourceUrl(LogbackLoggingSystem.java:300)
		at org.springframework.boot.logging.logback.LogbackLoggingSystem.lambda$loadConfiguration$2(LogbackLoggingSystem.java:262)
		at org.springframework.boot.logging.logback.LogbackLoggingSystem.withLoggingSuppressed(LogbackLoggingSystem.java:483)
		at org.springframework.boot.logging.logback.LogbackLoggingSystem.loadConfiguration(LogbackLoggingSystem.java:255)
		... 23 common frames omitted
	Suppressed: java.lang.NumberFormatException: For input string: "1."
		at java.base/java.lang.NumberFormatException.forInputString(NumberFormatException.java:67)
		at java.base/java.lang.Integer.parseInt(Integer.java:665)
		at java.base/java.lang.Integer.parseInt(Integer.java:781)
		at ch.qos.logback.classic.pattern.NamedConverter.start(NamedConverter.java:92)
		at ch.qos.logback.core.pattern.ConverterUtil.startConverters(ConverterUtil.java:37)
		at ch.qos.logback.core.pattern.PatternLayoutBase.start(PatternLayoutBase.java:148)
		at ch.qos.logback.classic.encoder.PatternLayoutEncoder.start(PatternLayoutEncoder.java:28)
		at ch.qos.logback.core.model.processor.ImplicitModelHandler.postHandleComplex(ImplicitModelHandler.java:207)
		at ch.qos.logback.core.model.processor.ImplicitModelHandler.postHandle(ImplicitModelHandler.java:186)
		at ch.qos.logback.core.model.processor.DefaultProcessor.secondPhaseTraverse(DefaultProcessor.java:257)
		at ch.qos.logback.core.model.processor.DefaultProcessor.secondPhaseTraverse(DefaultProcessor.java:253)
		at ch.qos.logback.core.model.processor.DefaultProcessor.secondPhaseTraverse(DefaultProcessor.java:253)
		at ch.qos.logback.core.model.processor.DefaultProcessor.traversalLoop(DefaultProcessor.java:90)
		at ch.qos.logback.core.model.processor.DefaultProcessor.process(DefaultProcessor.java:106)
		at ch.qos.logback.core.joran.GenericXMLConfigurator.processModel(GenericXMLConfigurator.java:222)
		at org.springframework.boot.logging.logback.SpringBootJoranConfigurator.processModel(SpringBootJoranConfigurator.java:136)
		at ch.qos.logback.core.joran.GenericXMLConfigurator.doConfigure(GenericXMLConfigurator.java:178)
		at ch.qos.logback.core.joran.GenericXMLConfigurator.doConfigure(GenericXMLConfigurator.java:123)
		at ch.qos.logback.core.joran.GenericXMLConfigurator.doConfigure(GenericXMLConfigurator.java:66)
		at org.springframework.boot.logging.logback.LogbackLoggingSystem.configureByResourceUrl(LogbackLoggingSystem.java:300)
		at org.springframework.boot.logging.logback.LogbackLoggingSystem.lambda$loadConfiguration$2(LogbackLoggingSystem.java:262)
		at org.springframework.boot.logging.logback.LogbackLoggingSystem.withLoggingSuppressed(LogbackLoggingSystem.java:483)
		at org.springframework.boot.logging.logback.LogbackLoggingSystem.loadConfiguration(LogbackLoggingSystem.java:255)
		... 23 common frames omitted
	Suppressed: java.lang.NumberFormatException: For input string: "1."
		at java.base/java.lang.NumberFormatException.forInputString(NumberFormatException.java:67)
		at java.base/java.lang.Integer.parseInt(Integer.java:665)
		at java.base/java.lang.Integer.parseInt(Integer.java:781)
		at ch.qos.logback.classic.pattern.NamedConverter.start(NamedConverter.java:92)
		at ch.qos.logback.core.pattern.ConverterUtil.startConverters(ConverterUtil.java:37)
		at ch.qos.logback.core.pattern.PatternLayoutBase.start(PatternLayoutBase.java:148)
		at ch.qos.logback.classic.encoder.PatternLayoutEncoder.start(PatternLayoutEncoder.java:28)
		at ch.qos.logback.core.model.processor.ImplicitModelHandler.postHandleComplex(ImplicitModelHandler.java:207)
		at ch.qos.logback.core.model.processor.ImplicitModelHandler.postHandle(ImplicitModelHandler.java:186)
		at ch.qos.logback.core.model.processor.DefaultProcessor.secondPhaseTraverse(DefaultProcessor.java:257)
		at ch.qos.logback.core.model.processor.DefaultProcessor.secondPhaseTraverse(DefaultProcessor.java:253)
		at ch.qos.logback.core.model.processor.DefaultProcessor.secondPhaseTraverse(DefaultProcessor.java:253)
		at ch.qos.logback.core.model.processor.DefaultProcessor.traversalLoop(DefaultProcessor.java:90)
		at ch.qos.logback.core.model.processor.DefaultProcessor.process(DefaultProcessor.java:106)
		at ch.qos.logback.core.joran.GenericXMLConfigurator.processModel(GenericXMLConfigurator.java:222)
		at org.springframework.boot.logging.logback.SpringBootJoranConfigurator.processModel(SpringBootJoranConfigurator.java:136)
		at ch.qos.logback.core.joran.GenericXMLConfigurator.doConfigure(GenericXMLConfigurator.java:178)
		at ch.qos.logback.core.joran.GenericXMLConfigurator.doConfigure(GenericXMLConfigurator.java:123)
		at ch.qos.logback.core.joran.GenericXMLConfigurator.doConfigure(GenericXMLConfigurator.java:66)
		at org.springframework.boot.logging.logback.LogbackLoggingSystem.configureByResourceUrl(LogbackLoggingSystem.java:300)
		at org.springframework.boot.logging.logback.LogbackLoggingSystem.lambda$loadConfiguration$2(LogbackLoggingSystem.java:262)
		at org.springframework.boot.logging.logback.LogbackLoggingSystem.withLoggingSuppressed(LogbackLoggingSystem.java:483)
		at org.springframework.boot.logging.logback.LogbackLoggingSystem.loadConfiguration(LogbackLoggingSystem.java:255)
		... 23 common frames omitted
2025-06-10 19:32:15,824 INFO o.h.v.i.u.Version [background-preinit] HV000001: Hibernate Validator 8.0.0.Final
2025-06-10 19:32:15,915 INFO o.s.b.StartupInfoLogger [main] Starting ChatappApplication using Java 20.0.2 with PID 6468 (C:\Users\zeki1\OneDrive\Masaüstü\zekiii\backend\target\classes started by ZeQ in C:\Users\zeki1\OneDrive\Masaüstü\zekiii\backend)
2025-06-10 19:32:15,916 DEBUG o.s.b.StartupInfoLogger [main] Running with Spring Boot v3.4.5, Spring v6.2.6
2025-06-10 19:32:15,917 INFO o.s.b.SpringApplication [main] No active profile set, falling back to 1 default profile: "default"
2025-06-10 19:32:16,840 INFO o.s.d.r.c.RepositoryConfigurationDelegate [main] Multiple Spring Data modules found, entering strict repository configuration mode
2025-06-10 19:32:16,843 INFO o.s.d.r.c.RepositoryConfigurationDelegate [main] Bootstrapping Spring Data JPA repositories in DEFAULT mode.
2025-06-10 19:32:17,023 INFO o.s.d.r.c.RepositoryConfigurationDelegate [main] Finished Spring Data repository scanning in 171 ms. Found 5 JPA repository interfaces.
2025-06-10 19:32:17,041 INFO o.s.d.r.c.RepositoryConfigurationDelegate [main] Multiple Spring Data modules found, entering strict repository configuration mode
2025-06-10 19:32:17,043 INFO o.s.d.r.c.RepositoryConfigurationDelegate [main] Bootstrapping Spring Data Redis repositories in DEFAULT mode.
2025-06-10 19:32:17,060 INFO o.s.d.r.c.RepositoryConfigurationExtensionSupport [main] Spring Data Redis - Could not safely identify store assignment for repository candidate interface com.example.chatapp.repository.AdminRepository; If you want this repository to be a Redis repository, consider annotating your entities with one of these annotations: org.springframework.data.redis.core.RedisHash (preferred), or consider extending one of the following types with your repository: org.springframework.data.keyvalue.repository.KeyValueRepository
2025-06-10 19:32:17,061 INFO o.s.d.r.c.RepositoryConfigurationExtensionSupport [main] Spring Data Redis - Could not safely identify store assignment for repository candidate interface com.example.chatapp.repository.ChatMessageRepository; If you want this repository to be a Redis repository, consider annotating your entities with one of these annotations: org.springframework.data.redis.core.RedisHash (preferred), or consider extending one of the following types with your repository: org.springframework.data.keyvalue.repository.KeyValueRepository
2025-06-10 19:32:17,062 INFO o.s.d.r.c.RepositoryConfigurationExtensionSupport [main] Spring Data Redis - Could not safely identify store assignment for repository candidate interface com.example.chatapp.repository.ChatRepository; If you want this repository to be a Redis repository, consider annotating your entities with one of these annotations: org.springframework.data.redis.core.RedisHash (preferred), or consider extending one of the following types with your repository: org.springframework.data.keyvalue.repository.KeyValueRepository
2025-06-10 19:32:17,063 INFO o.s.d.r.c.RepositoryConfigurationExtensionSupport [main] Spring Data Redis - Could not safely identify store assignment for repository candidate interface com.example.chatapp.repository.FriendshipRepository; If you want this repository to be a Redis repository, consider annotating your entities with one of these annotations: org.springframework.data.redis.core.RedisHash (preferred), or consider extending one of the following types with your repository: org.springframework.data.keyvalue.repository.KeyValueRepository
2025-06-10 19:32:17,063 INFO o.s.d.r.c.RepositoryConfigurationExtensionSupport [main] Spring Data Redis - Could not safely identify store assignment for repository candidate interface com.example.chatapp.repository.UserRepository; If you want this repository to be a Redis repository, consider annotating your entities with one of these annotations: org.springframework.data.redis.core.RedisHash (preferred), or consider extending one of the following types with your repository: org.springframework.data.keyvalue.repository.KeyValueRepository
2025-06-10 19:32:17,064 INFO o.s.d.r.c.RepositoryConfigurationDelegate [main] Finished Spring Data repository scanning in 10 ms. Found 0 Redis repository interfaces.
2025-06-10 19:32:17,222 INFO o.s.c.l.LogAccessor [main] No bean named 'errorChannel' has been explicitly defined. Therefore, a default PublishSubscribeChannel will be created.
2025-06-10 19:32:17,230 INFO o.s.c.l.LogAccessor [main] No bean named 'integrationHeaderChannelRegistry' has been explicitly defined. Therefore, a default DefaultHeaderChannelRegistry will be created.
2025-06-10 19:32:17,896 INFO o.s.b.w.e.t.TomcatWebServer [main] Tomcat initialized with port 8080 (http)
2025-06-10 19:32:17,916 INFO o.a.j.l.DirectJDKLog [main] Initializing ProtocolHandler ["http-nio-8080"]
2025-06-10 19:32:17,919 INFO o.a.j.l.DirectJDKLog [main] Starting service [Tomcat]
2025-06-10 19:32:17,920 INFO o.a.j.l.DirectJDKLog [main] Starting Servlet engine: [Apache Tomcat/10.1.40]
2025-06-10 19:32:18,008 INFO o.a.j.l.DirectJDKLog [main] Initializing Spring embedded WebApplicationContext
2025-06-10 19:32:18,009 INFO o.s.b.w.s.c.ServletWebServerApplicationContext [main] Root WebApplicationContext: initialization completed in 2029 ms
2025-06-10 19:32:18,181 INFO o.h.j.i.u.LogHelper [main] HHH000204: Processing PersistenceUnitInfo [name: default]
2025-06-10 19:32:18,248 INFO o.h.Version [main] HHH000412: Hibernate ORM core version 6.6.13.Final
2025-06-10 19:32:18,289 INFO o.h.c.i.RegionFactoryInitiator [main] HHH000026: Second-level cache disabled
2025-06-10 19:32:18,589 INFO o.s.o.j.p.SpringPersistenceUnitInfo [main] No LoadTimeWeaver setup: ignoring JPA class transformer
2025-06-10 19:32:18,624 INFO c.z.h.HikariDataSource [main] HikariPool-1 - Starting...
2025-06-10 19:32:21,007 INFO c.z.h.p.HikariPool [main] HikariPool-1 - Added connection org.postgresql.jdbc.PgConnection@23e86863
2025-06-10 19:32:21,009 INFO c.z.h.HikariDataSource [main] HikariPool-1 - Start completed.
2025-06-10 19:32:21,238 WARN o.h.e.j.d.i.DialectFactoryImpl [main] HHH90000025: PostgreSQLDialect does not need to be specified explicitly using 'hibernate.dialect' (remove the property setting and it will be selected by default)
2025-06-10 19:32:21,558 INFO o.h.e.j.e.i.JdbcEnvironmentInitiator [main] HHH10001005: Database info:
	Database JDBC URL [Connecting through datasource 'HikariDataSource (HikariPool-1)']
	Database driver: undefined/unknown
	Database version: 17.5
	Autocommit mode: undefined/unknown
	Isolation level: undefined/unknown
	Minimum pool size: undefined/unknown
	Maximum pool size: undefined/unknown
2025-06-10 19:32:22,643 INFO o.h.e.t.j.p.i.JtaPlatformInitiator [main] HHH000489: No JTA platform available (set 'hibernate.transaction.jta.platform' to enable JTA platform integration)
2025-06-10 19:32:26,811 INFO o.s.o.j.AbstractEntityManagerFactoryBean [main] Initialized JPA EntityManagerFactory for persistence unit 'default'
2025-06-10 19:32:27,280 INFO o.s.d.j.r.q.QueryEnhancerFactory [main] Hibernate is in classpath; If applicable, HQL parser will be used.
2025-06-10 19:32:28,466 WARN o.s.b.a.o.j.JpaBaseConfiguration$JpaWebConfiguration [main] spring.jpa.open-in-view is enabled by default. Therefore, database queries may be performed during view rendering. Explicitly configure spring.jpa.open-in-view to disable this warning
2025-06-10 19:32:28,484 WARN o.s.s.c.a.a.c.InitializeUserDetailsBeanManagerConfigurer$InitializeUserDetailsManagerConfigurer [main] Found 2 UserDetailsService beans, with names [adminDetailsServiceImpl, userDetailsServiceImpl]. Global Authentication Manager will not use a UserDetailsService for username/password login. Consider publishing a single UserDetailsService bean.
2025-06-10 19:32:28,626 DEBUG o.s.w.s.h.SimpleUrlHandlerMapping [main] Patterns [/ws/**] in 'stompWebSocketHandlerMapping'
2025-06-10 19:32:28,705 DEBUG o.s.w.s.h.AbstractHandlerMethodMapping [main] 30 mappings in 'requestMappingHandlerMapping'
2025-06-10 19:32:28,747 DEBUG o.s.w.s.h.SimpleUrlHandlerMapping [main] Patterns [/webjars/**, /resources/**, /uploads/**, /user/images/**] in 'resourceHandlerMapping'
2025-06-10 19:32:28,884 DEBUG o.s.m.h.i.AbstractMethodMessageHandler [main] 
	c.e.c.c.AdminController:
	
2025-06-10 19:32:28,885 DEBUG o.s.m.h.i.AbstractMethodMessageHandler [main] 
	c.e.c.c.ChatController:
	
2025-06-10 19:32:28,886 DEBUG o.s.m.h.i.AbstractMethodMessageHandler [main] 
	c.e.c.c.FriendshipController:
	
2025-06-10 19:32:28,886 DEBUG o.s.m.h.i.AbstractMethodMessageHandler [main] 
	c.e.c.c.MediaController:
	
2025-06-10 19:32:28,886 DEBUG o.s.m.h.i.AbstractMethodMessageHandler [main] 
	c.e.c.c.UserController:
	
2025-06-10 19:32:28,890 DEBUG o.s.m.h.i.AbstractMethodMessageHandler [main] 
	c.e.c.w.ChatWebSocketController:
	{[MESSAGE],[/chat.sendMessage]}: sendMessage(ChatMessage,Principal)
	{[MESSAGE],[/chat.join]}: joinChat(JoinChatMessage,Principal)
2025-06-10 19:32:28,891 DEBUG o.s.m.h.i.AbstractMethodMessageHandler [main] 
	c.e.c.w.StatusController:
	{[MESSAGE],[/friendship]}: processFriendshipUpdate(FriendshipMessage)
	{[MESSAGE],[/status]}: processStatusUpdate(StatusMessage)
2025-06-10 19:32:28,892 DEBUG o.s.m.h.i.AbstractMethodMessageHandler [main] 
	c.e.c.w.TypingIndicatorController:
	{[MESSAGE],[/chat.typing]}: processTypingIndicator(TypingIndicator,Principal)
2025-06-10 19:32:28,893 DEBUG o.s.m.h.i.AbstractMethodMessageHandler [main] 
	o.s.b.a.w.s.e.BasicErrorController:
	
2025-06-10 19:32:28,962 DEBUG o.s.w.s.m.m.a.RequestMappingHandlerAdapter [main] ControllerAdvice beans: 0 @ModelAttribute, 0 @InitBinder, 1 RequestBodyAdvice, 1 ResponseBodyAdvice
2025-06-10 19:32:29,013 DEBUG o.s.w.s.m.m.a.ExceptionHandlerExceptionResolver [main] ControllerAdvice beans: 0 @ExceptionHandler, 1 ResponseBodyAdvice
2025-06-10 19:32:29,292 INFO o.s.c.l.LogAccessor [main] Adding {logging-channel-adapter:_org.springframework.integration.errorLogger} as a subscriber to the 'errorChannel' channel
2025-06-10 19:32:29,293 INFO o.s.c.l.LogAccessor [main] Channel 'application.errorChannel' has 1 subscriber(s).
2025-06-10 19:32:29,294 INFO o.s.c.l.LogAccessor [main] started bean '_org.springframework.integration.errorLogger'
2025-06-10 19:32:29,295 DEBUG o.s.c.l.CompositeLog [main] clientOutboundChannel added SubProtocolWebSocketHandler[StompSubProtocolHandler[v10.stomp, v11.stomp, v12.stomp]]
2025-06-10 19:32:29,295 DEBUG o.s.c.l.CompositeLog [main] clientInboundChannel added WebSocketAnnotationMethodMessageHandler[prefixes=[/app/]]
2025-06-10 19:32:29,296 INFO o.s.c.l.CompositeLog [main] Starting...
2025-06-10 19:32:29,296 DEBUG o.s.c.l.CompositeLog [main] clientInboundChannel added SimpleBrokerMessageHandler [org.springframework.messaging.simp.broker.DefaultSubscriptionRegistry@679c93a0]
2025-06-10 19:32:29,296 DEBUG o.s.c.l.CompositeLog [main] brokerChannel added SimpleBrokerMessageHandler [org.springframework.messaging.simp.broker.DefaultSubscriptionRegistry@679c93a0]
2025-06-10 19:32:29,297 INFO o.s.c.l.CompositeLog [main] BrokerAvailabilityEvent[available=true, SimpleBrokerMessageHandler [org.springframework.messaging.simp.broker.DefaultSubscriptionRegistry@679c93a0]]
2025-06-10 19:32:29,298 INFO o.s.c.l.CompositeLog [main] Started.
2025-06-10 19:32:29,299 DEBUG o.s.c.l.CompositeLog [main] clientInboundChannel added UserDestinationMessageHandler[DefaultUserDestinationResolver[prefix=/user/]]
2025-06-10 19:32:29,299 DEBUG o.s.c.l.CompositeLog [main] brokerChannel added UserDestinationMessageHandler[DefaultUserDestinationResolver[prefix=/user/]]
2025-06-10 19:32:29,299 INFO o.a.j.l.DirectJDKLog [main] Starting ProtocolHandler ["http-nio-8080"]
2025-06-10 19:32:29,322 INFO o.s.b.w.e.t.TomcatWebServer [main] Tomcat started on port 8080 (http) with context path '/'
2025-06-10 19:32:29,822 INFO o.s.b.StartupInfoLogger [main] Started ChatappApplication in 14.608 seconds (process running for 14.95)
2025-06-10 19:33:29,301 INFO o.s.w.s.c.WebSocketMessageBrokerStats [MessageBroker-1] WebSocketSession[0 current WS(0)-HttpStream(0)-HttpPoll(0), 0 total, 0 closed abnormally (0 connect failure, 0 send limit, 0 transport error)], stompSubProtocol[processed CONNECT(0)-CONNECTED(0)-DISCONNECT(0)], stompBrokerRelay[null], inboundChannel[unknown], outboundChannel[unknown], sockJsScheduler[pool size = 1, active threads = 1, queued tasks = 0, completed tasks = 0]
2025-06-10 21:22:49,230 INFO o.h.v.i.u.Version [background-preinit] HV000001: Hibernate Validator 8.0.0.Final
2025-06-10 21:22:49,302 INFO o.s.b.StartupInfoLogger [main] Starting ChatappApplication using Java 21.0.5 with PID 16228 (C:\Users\zeki1\OneDrive\Masaüstü\message\backend\target\classes started by ZeQ in C:\Users\zeki1\OneDrive\Masaüstü\message\backend)
2025-06-10 21:22:49,302 DEBUG o.s.b.StartupInfoLogger [main] Running with Spring Boot v3.4.5, Spring v6.2.6
2025-06-10 21:22:49,303 INFO o.s.b.SpringApplication [main] No active profile set, falling back to 1 default profile: "default"
2025-06-10 21:22:51,106 INFO o.s.d.r.c.RepositoryConfigurationDelegate [main] Multiple Spring Data modules found, entering strict repository configuration mode
2025-06-10 21:22:51,108 INFO o.s.d.r.c.RepositoryConfigurationDelegate [main] Bootstrapping Spring Data JPA repositories in DEFAULT mode.
2025-06-10 21:22:51,272 INFO o.s.d.r.c.RepositoryConfigurationDelegate [main] Finished Spring Data repository scanning in 153 ms. Found 5 JPA repository interfaces.
2025-06-10 21:22:51,295 INFO o.s.d.r.c.RepositoryConfigurationDelegate [main] Multiple Spring Data modules found, entering strict repository configuration mode
2025-06-10 21:22:51,297 INFO o.s.d.r.c.RepositoryConfigurationDelegate [main] Bootstrapping Spring Data Redis repositories in DEFAULT mode.
2025-06-10 21:22:51,324 INFO o.s.d.r.c.RepositoryConfigurationExtensionSupport [main] Spring Data Redis - Could not safely identify store assignment for repository candidate interface com.example.chatapp.repository.AdminRepository; If you want this repository to be a Redis repository, consider annotating your entities with one of these annotations: org.springframework.data.redis.core.RedisHash (preferred), or consider extending one of the following types with your repository: org.springframework.data.keyvalue.repository.KeyValueRepository
2025-06-10 21:22:51,327 INFO o.s.d.r.c.RepositoryConfigurationExtensionSupport [main] Spring Data Redis - Could not safely identify store assignment for repository candidate interface com.example.chatapp.repository.ChatMessageRepository; If you want this repository to be a Redis repository, consider annotating your entities with one of these annotations: org.springframework.data.redis.core.RedisHash (preferred), or consider extending one of the following types with your repository: org.springframework.data.keyvalue.repository.KeyValueRepository
2025-06-10 21:22:51,327 INFO o.s.d.r.c.RepositoryConfigurationExtensionSupport [main] Spring Data Redis - Could not safely identify store assignment for repository candidate interface com.example.chatapp.repository.ChatRepository; If you want this repository to be a Redis repository, consider annotating your entities with one of these annotations: org.springframework.data.redis.core.RedisHash (preferred), or consider extending one of the following types with your repository: org.springframework.data.keyvalue.repository.KeyValueRepository
2025-06-10 21:22:51,328 INFO o.s.d.r.c.RepositoryConfigurationExtensionSupport [main] Spring Data Redis - Could not safely identify store assignment for repository candidate interface com.example.chatapp.repository.FriendshipRepository; If you want this repository to be a Redis repository, consider annotating your entities with one of these annotations: org.springframework.data.redis.core.RedisHash (preferred), or consider extending one of the following types with your repository: org.springframework.data.keyvalue.repository.KeyValueRepository
2025-06-10 21:22:51,329 INFO o.s.d.r.c.RepositoryConfigurationExtensionSupport [main] Spring Data Redis - Could not safely identify store assignment for repository candidate interface com.example.chatapp.repository.UserRepository; If you want this repository to be a Redis repository, consider annotating your entities with one of these annotations: org.springframework.data.redis.core.RedisHash (preferred), or consider extending one of the following types with your repository: org.springframework.data.keyvalue.repository.KeyValueRepository
2025-06-10 21:22:51,329 INFO o.s.d.r.c.RepositoryConfigurationDelegate [main] Finished Spring Data repository scanning in 16 ms. Found 0 Redis repository interfaces.
2025-06-10 21:22:51,598 INFO o.s.c.l.LogAccessor [main] No bean named 'errorChannel' has been explicitly defined. Therefore, a default PublishSubscribeChannel will be created.
2025-06-10 21:22:51,615 INFO o.s.c.l.LogAccessor [main] No bean named 'integrationHeaderChannelRegistry' has been explicitly defined. Therefore, a default DefaultHeaderChannelRegistry will be created.
2025-06-10 21:22:52,393 INFO o.s.b.w.e.t.TomcatWebServer [main] Tomcat initialized with port 8080 (http)
2025-06-10 21:22:52,419 INFO o.a.j.l.DirectJDKLog [main] Initializing ProtocolHandler ["http-nio-8080"]
2025-06-10 21:22:52,422 INFO o.a.j.l.DirectJDKLog [main] Starting service [Tomcat]
2025-06-10 21:22:52,423 INFO o.a.j.l.DirectJDKLog [main] Starting Servlet engine: [Apache Tomcat/10.1.40]
2025-06-10 21:22:52,509 INFO o.a.j.l.DirectJDKLog [main] Initializing Spring embedded WebApplicationContext
2025-06-10 21:22:52,512 INFO o.s.b.w.s.c.ServletWebServerApplicationContext [main] Root WebApplicationContext: initialization completed in 3147 ms
2025-06-10 21:22:52,791 INFO o.h.j.i.u.LogHelper [main] HHH000204: Processing PersistenceUnitInfo [name: default]
2025-06-10 21:22:52,875 INFO o.h.Version [main] HHH000412: Hibernate ORM core version 6.6.13.Final
2025-06-10 21:22:52,942 INFO o.h.c.i.RegionFactoryInitiator [main] HHH000026: Second-level cache disabled
2025-06-10 21:22:53,397 INFO o.s.o.j.p.SpringPersistenceUnitInfo [main] No LoadTimeWeaver setup: ignoring JPA class transformer
2025-06-10 21:22:53,457 INFO c.z.h.HikariDataSource [main] HikariPool-1 - Starting...
2025-06-10 21:22:55,862 INFO c.z.h.p.HikariPool [main] HikariPool-1 - Added connection org.postgresql.jdbc.PgConnection@6d7556a8
2025-06-10 21:22:55,864 INFO c.z.h.HikariDataSource [main] HikariPool-1 - Start completed.
2025-06-10 21:22:56,099 WARN o.h.e.j.d.i.DialectFactoryImpl [main] HHH90000025: PostgreSQLDialect does not need to be specified explicitly using 'hibernate.dialect' (remove the property setting and it will be selected by default)
2025-06-10 21:22:56,412 INFO o.h.e.j.e.i.JdbcEnvironmentInitiator [main] HHH10001005: Database info:
	Database JDBC URL [Connecting through datasource 'HikariDataSource (HikariPool-1)']
	Database driver: undefined/unknown
	Database version: 17.5
	Autocommit mode: undefined/unknown
	Isolation level: undefined/unknown
	Minimum pool size: undefined/unknown
	Maximum pool size: undefined/unknown
2025-06-10 21:22:57,568 INFO o.h.e.t.j.p.i.JtaPlatformInitiator [main] HHH000489: No JTA platform available (set 'hibernate.transaction.jta.platform' to enable JTA platform integration)
2025-06-10 21:23:01,754 INFO o.s.o.j.AbstractEntityManagerFactoryBean [main] Initialized JPA EntityManagerFactory for persistence unit 'default'
2025-06-10 21:23:02,420 INFO o.s.d.j.r.q.QueryEnhancerFactory [main] Hibernate is in classpath; If applicable, HQL parser will be used.
2025-06-10 21:23:03,979 WARN o.s.b.a.o.j.JpaBaseConfiguration$JpaWebConfiguration [main] spring.jpa.open-in-view is enabled by default. Therefore, database queries may be performed during view rendering. Explicitly configure spring.jpa.open-in-view to disable this warning
2025-06-10 21:23:04,006 WARN o.s.s.c.a.a.c.InitializeUserDetailsBeanManagerConfigurer$InitializeUserDetailsManagerConfigurer [main] Found 2 UserDetailsService beans, with names [adminDetailsServiceImpl, userDetailsServiceImpl]. Global Authentication Manager will not use a UserDetailsService for username/password login. Consider publishing a single UserDetailsService bean.
2025-06-10 21:23:04,184 DEBUG o.s.w.s.h.SimpleUrlHandlerMapping [main] Patterns [/ws/**] in 'stompWebSocketHandlerMapping'
2025-06-10 21:23:04,310 DEBUG o.s.w.s.h.AbstractHandlerMethodMapping [main] 30 mappings in 'requestMappingHandlerMapping'
2025-06-10 21:23:04,379 DEBUG o.s.w.s.h.SimpleUrlHandlerMapping [main] Patterns [/webjars/**, /resources/**, /uploads/**, /user/images/**] in 'resourceHandlerMapping'
2025-06-10 21:23:04,565 DEBUG o.s.m.h.i.AbstractMethodMessageHandler [main] 
	c.e.c.c.AdminController:
	
2025-06-10 21:23:04,566 DEBUG o.s.m.h.i.AbstractMethodMessageHandler [main] 
	c.e.c.c.ChatController:
	
2025-06-10 21:23:04,567 DEBUG o.s.m.h.i.AbstractMethodMessageHandler [main] 
	c.e.c.c.FriendshipController:
	
2025-06-10 21:23:04,567 DEBUG o.s.m.h.i.AbstractMethodMessageHandler [main] 
	c.e.c.c.MediaController:
	
2025-06-10 21:23:04,567 DEBUG o.s.m.h.i.AbstractMethodMessageHandler [main] 
	c.e.c.c.UserController:
	
2025-06-10 21:23:04,574 DEBUG o.s.m.h.i.AbstractMethodMessageHandler [main] 
	c.e.c.w.ChatWebSocketController:
	{[MESSAGE],[/chat.join]}: joinChat(JoinChatMessage,Principal)
	{[MESSAGE],[/chat.sendMessage]}: sendMessage(ChatMessage,Principal)
2025-06-10 21:23:04,575 DEBUG o.s.m.h.i.AbstractMethodMessageHandler [main] 
	c.e.c.w.StatusController:
	{[MESSAGE],[/friendship]}: processFriendshipUpdate(FriendshipMessage)
	{[MESSAGE],[/status]}: processStatusUpdate(StatusMessage)
2025-06-10 21:23:04,575 DEBUG o.s.m.h.i.AbstractMethodMessageHandler [main] 
	c.e.c.w.TypingIndicatorController:
	{[MESSAGE],[/chat.typing]}: processTypingIndicator(TypingIndicator,Principal)
2025-06-10 21:23:04,576 DEBUG o.s.m.h.i.AbstractMethodMessageHandler [main] 
	o.s.b.a.w.s.e.BasicErrorController:
	
2025-06-10 21:23:04,672 DEBUG o.s.w.s.m.m.a.RequestMappingHandlerAdapter [main] ControllerAdvice beans: 0 @ModelAttribute, 0 @InitBinder, 1 RequestBodyAdvice, 1 ResponseBodyAdvice
2025-06-10 21:23:04,746 DEBUG o.s.w.s.m.m.a.ExceptionHandlerExceptionResolver [main] ControllerAdvice beans: 0 @ExceptionHandler, 1 ResponseBodyAdvice
2025-06-10 21:23:05,198 INFO o.s.c.l.LogAccessor [main] Adding {logging-channel-adapter:_org.springframework.integration.errorLogger} as a subscriber to the 'errorChannel' channel
2025-06-10 21:23:05,199 INFO o.s.c.l.LogAccessor [main] Channel 'application.errorChannel' has 1 subscriber(s).
2025-06-10 21:23:05,200 INFO o.s.c.l.LogAccessor [main] started bean '_org.springframework.integration.errorLogger'
2025-06-10 21:23:05,200 DEBUG o.s.c.l.CompositeLog [main] clientOutboundChannel added SubProtocolWebSocketHandler[StompSubProtocolHandler[v10.stomp, v11.stomp, v12.stomp]]
2025-06-10 21:23:05,201 DEBUG o.s.c.l.CompositeLog [main] clientInboundChannel added WebSocketAnnotationMethodMessageHandler[prefixes=[/app/]]
2025-06-10 21:23:05,201 INFO o.s.c.l.CompositeLog [main] Starting...
2025-06-10 21:23:05,201 DEBUG o.s.c.l.CompositeLog [main] clientInboundChannel added SimpleBrokerMessageHandler [org.springframework.messaging.simp.broker.DefaultSubscriptionRegistry@1adac232]
2025-06-10 21:23:05,201 DEBUG o.s.c.l.CompositeLog [main] brokerChannel added SimpleBrokerMessageHandler [org.springframework.messaging.simp.broker.DefaultSubscriptionRegistry@1adac232]
2025-06-10 21:23:05,202 INFO o.s.c.l.CompositeLog [main] BrokerAvailabilityEvent[available=true, SimpleBrokerMessageHandler [org.springframework.messaging.simp.broker.DefaultSubscriptionRegistry@1adac232]]
2025-06-10 21:23:05,204 INFO o.s.c.l.CompositeLog [main] Started.
2025-06-10 21:23:05,204 DEBUG o.s.c.l.CompositeLog [main] clientInboundChannel added UserDestinationMessageHandler[DefaultUserDestinationResolver[prefix=/user/]]
2025-06-10 21:23:05,204 DEBUG o.s.c.l.CompositeLog [main] brokerChannel added UserDestinationMessageHandler[DefaultUserDestinationResolver[prefix=/user/]]
2025-06-10 21:23:05,205 INFO o.a.j.l.DirectJDKLog [main] Starting ProtocolHandler ["http-nio-8080"]
2025-06-10 21:23:05,230 INFO o.s.b.w.e.t.TomcatWebServer [main] Tomcat started on port 8080 (http) with context path '/'
2025-06-10 21:23:06,245 INFO o.s.b.StartupInfoLogger [main] Started ChatappApplication in 17.812 seconds (process running for 18.417)
2025-06-10 21:24:05,208 INFO o.s.w.s.c.WebSocketMessageBrokerStats [MessageBroker-1] WebSocketSession[0 current WS(0)-HttpStream(0)-HttpPoll(0), 0 total, 0 closed abnormally (0 connect failure, 0 send limit, 0 transport error)], stompSubProtocol[processed CONNECT(0)-CONNECTED(0)-DISCONNECT(0)], stompBrokerRelay[null], inboundChannel[unknown], outboundChannel[unknown], sockJsScheduler[pool size = 1, active threads = 1, queued tasks = 0, completed tasks = 0]
2025-06-10 21:26:08,173 INFO o.s.b.w.e.t.GracefulShutdown [SpringApplicationShutdownHook] Commencing graceful shutdown. Waiting for active requests to complete
2025-06-10 21:26:08,188 INFO o.s.b.w.e.t.GracefulShutdown [tomcat-shutdown] Graceful shutdown complete
2025-06-10 21:26:08,190 DEBUG o.s.c.l.CompositeLog [SpringApplicationShutdownHook] clientOutboundChannel removed SubProtocolWebSocketHandler[StompSubProtocolHandler[v10.stomp, v11.stomp, v12.stomp]]
2025-06-10 21:26:08,190 DEBUG o.s.c.l.CompositeLog [SpringApplicationShutdownHook] clientInboundChannel removed WebSocketAnnotationMethodMessageHandler[prefixes=[/app/]]
2025-06-10 21:26:08,190 INFO o.s.c.l.CompositeLog [SpringApplicationShutdownHook] Stopping...
2025-06-10 21:26:08,190 INFO o.s.c.l.CompositeLog [SpringApplicationShutdownHook] BrokerAvailabilityEvent[available=false, SimpleBrokerMessageHandler [org.springframework.messaging.simp.broker.DefaultSubscriptionRegistry@1adac232]]
2025-06-10 21:26:08,190 DEBUG o.s.c.l.CompositeLog [SpringApplicationShutdownHook] clientInboundChannel removed SimpleBrokerMessageHandler [org.springframework.messaging.simp.broker.DefaultSubscriptionRegistry@1adac232]
2025-06-10 21:26:08,190 DEBUG o.s.c.l.CompositeLog [SpringApplicationShutdownHook] brokerChannel removed SimpleBrokerMessageHandler [org.springframework.messaging.simp.broker.DefaultSubscriptionRegistry@1adac232]
2025-06-10 21:26:08,190 INFO o.s.c.l.CompositeLog [SpringApplicationShutdownHook] Stopped.
2025-06-10 21:26:08,191 DEBUG o.s.c.l.CompositeLog [SpringApplicationShutdownHook] clientInboundChannel removed UserDestinationMessageHandler[DefaultUserDestinationResolver[prefix=/user/]]
2025-06-10 21:26:08,191 DEBUG o.s.c.l.CompositeLog [SpringApplicationShutdownHook] brokerChannel removed UserDestinationMessageHandler[DefaultUserDestinationResolver[prefix=/user/]]
2025-06-10 21:26:08,199 INFO o.s.c.l.LogAccessor [SpringApplicationShutdownHook] Removing {logging-channel-adapter:_org.springframework.integration.errorLogger} as a subscriber to the 'errorChannel' channel
2025-06-10 21:26:08,199 INFO o.s.c.l.LogAccessor [SpringApplicationShutdownHook] Channel 'application.errorChannel' has 0 subscriber(s).
2025-06-10 21:26:08,200 INFO o.s.c.l.LogAccessor [SpringApplicationShutdownHook] stopped bean '_org.springframework.integration.errorLogger'
2025-06-10 21:26:08,213 INFO o.s.o.j.AbstractEntityManagerFactoryBean [SpringApplicationShutdownHook] Closing JPA EntityManagerFactory for persistence unit 'default'
2025-06-10 21:26:08,216 INFO c.z.h.HikariDataSource [SpringApplicationShutdownHook] HikariPool-1 - Shutdown initiated...
2025-06-10 21:26:09,678 INFO c.z.h.HikariDataSource [SpringApplicationShutdownHook] HikariPool-1 - Shutdown completed.
